<?xml version="1.0" encoding="UTF-8"?>
<!-- Generated by org.testng.reporters.JUnitReportReporter -->
<testsuite hostname="DESKTOP-EGEH07G" failures="0" tests="1" name="com.simplicia.web.dat.DatImportVsExportTest" time="74.504" errors="0" timestamp="20 Feb 2023 15:34:08 GMT">
  <testcase classname="com.simplicia.web.dat.DatImportVsExportTest" name="testImportVsExport" time="74.504"/>
</testsuite> <!-- com.simplicia.web.dat.DatImportVsExportTest -->
