<?xml version="1.0" encoding="UTF-8"?>
<!-- Generated by org.testng.reporters.JUnitReportReporter -->
<testsuite hostname="DESKTOP-EGEH07G" failures="0" tests="1" name="com.simplicia.web.dat.CreateDATUIValidationTest" time="71.874" errors="0" timestamp="26 Feb 2023 07:11:05 GMT">
  <testcase classname="com.simplicia.web.dat.CreateDATUIValidationTest" name="dat_Test_03_Export" time="71.874"/>
</testsuite> <!-- com.simplicia.web.dat.CreateDATUIValidationTest -->
